2020-06-07 15:46:14,850 - root - INFO - 测试
2020-06-07 15:46:14,851 - root - DEBUG - 测试
2020-06-07 15:46:14,852 - root - WARNING - 测试
2020-06-07 15:46:14,853 - root - ERROR - 测试
2020-06-07 15:46:35,200 - root - INFO - 测试
2020-06-07 15:46:35,201 - root - DEBUG - 测试
2020-06-07 15:46:35,201 - root - DEBUG - 测试
2020-06-07 15:46:35,203 - root - WARNING - 测试
2020-06-07 15:46:35,203 - root - WARNING - 测试
2020-06-07 15:46:35,203 - root - WARNING - 测试
2020-06-07 15:46:35,205 - root - ERROR - 测试
2020-06-07 15:46:35,205 - root - ERROR - 测试
2020-06-07 15:46:35,205 - root - ERROR - 测试
2020-06-07 15:46:35,205 - root - ERROR - 测试
2020-06-07 15:51:58,104 - root - INFO - 正在定位元素信息：定位方式->id,value值->kw
2020-06-07 15:53:43,333 - root - INFO - 正在定位元素信息：定位方式->id,value值->kw
2020-06-07 15:58:22,999 - root - INFO - 正在定位元素信息：定位方式->id,value值->kw
2020-06-07 16:35:43,247 - root - INFO - 正在定位元素信息：定位方式->id,value值->kw
2020-06-07 16:41:55,485 - root - INFO - 正在定位元素信息：定位方式->xpath,value值->//*[@id="id_username"]
2020-06-07 16:41:55,716 - root - INFO - 正在定位元素信息：定位方式->xpath,value值->//*[@id="id_password"]
2020-06-07 16:41:55,964 - root - INFO - 正在定位元素信息：定位方式->xpath,value值->//button[text()="登录"]
2020-06-07 16:48:53,480 - root - INFO - <class 'common.base.LocatorTypeError'>
2020-06-07 16:52:49,157 - root - INFO - 正在定位元素信息：定位方式->xpath,value值->//*[@id="id_username"]
2020-06-07 16:52:49,305 - root - INFO - 正在定位元素信息：定位方式->xpath,value值->//*[@id="id_password"]
2020-06-07 16:52:49,469 - root - INFO - 正在定位元素信息：定位方式->xpath,value值->//button[text()="登录"]
2020-06-07 16:54:40,307 - root - INFO - 正在定位元素信息：定位方式->xpath,value值->//*[@id="id_username"]
2020-06-07 16:54:40,516 - root - INFO - 正在定位元素信息：定位方式->xpath,value值->//*[@id="id_password"]
2020-06-07 16:54:40,682 - root - INFO - 正在定位元素信息：定位方式->xpath,value值->//*[@id="panel-login"]/div[2]/button
2020-06-07 16:57:14,129 - root - INFO - 正在定位元素信息：定位方式->xpath,value值->//*[@id="id_username"]
2020-06-07 16:57:14,306 - root - INFO - 正在定位元素信息：定位方式->xpath,value值->//*[@id="id_password"]
2020-06-07 16:57:14,494 - root - INFO - 正在定位元素信息：定位方式->xpath,value值->//*[@id="panel-login"]/div[2]/button
2020-06-07 16:57:15,332 - root - INFO - 正在定位元素信息：定位方式->xpath,value值->//*[@id="top-nav"]/div[2]/ul/li[2]/a/strong
2020-06-07 19:09:17,056 - root - INFO - 正在定位元素信息：定位方式->xpath,value值->//*[@id="id_username"]
2020-06-07 19:13:29,968 - root - INFO - 正在定位元素信息：定位方式->xpath,value值->//*[@id="id_username"]
2020-06-07 19:13:30,388 - root - INFO - 正在定位元素信息：定位方式->xpath,value值->//*[@id="id_password"]
2020-06-07 19:13:30,692 - root - INFO - 正在定位元素信息：定位方式->xpath,value值->//*[@id="panel-login"]/div[2]/button
2020-06-07 19:13:31,789 - root - INFO - 正在定位元素信息：定位方式->xpath,value值->//*[@id="panel-login"]/div[2]/button
2020-06-07 19:14:42,594 - root - INFO - 正在定位元素信息：定位方式->xpath,value值->//*[@id="id_username"]
2020-06-07 19:14:42,869 - root - INFO - 正在定位元素信息：定位方式->xpath,value值->//*[@id="id_password"]
2020-06-07 19:14:43,129 - root - INFO - 正在定位元素信息：定位方式->xpath,value值->//*[@id="panel-login"]/div[2]/button
2020-06-07 19:19:16,261 - root - INFO - 正在定位元素信息：定位方式->xpath,value值->//*[@id="id_username"]
2020-06-07 19:19:16,677 - root - INFO - 正在定位元素信息：定位方式->xpath,value值->//*[@id="id_password"]
2020-06-07 19:19:16,978 - root - INFO - 正在定位元素信息：定位方式->xpath,value值->//*[@id="panel-login"]/div[2]/button
2020-06-07 19:21:34,542 - root - INFO - 正在定位元素信息：定位方式->xpath,value值->//*[@id="id_username"]
2020-06-07 19:21:34,811 - root - INFO - 正在定位元素信息：定位方式->xpath,value值->//*[@id="id_password"]
2020-06-07 19:21:35,305 - root - INFO - 正在定位元素信息：定位方式->xpath,value值->//*[@id="panel-login"]/div[2]/button
2020-06-07 19:21:36,336 - root - INFO - 正在定位元素信息：定位方式->xpath,value值->//*[@id="top-nav"]/div[2]/ul/li[2]/a/strong
2020-06-07 19:28:47,263 - root - INFO - 正在定位元素信息：定位方式->xpath,value值->//*[@id="id_username"]
2020-06-07 19:28:47,564 - root - INFO - 正在定位元素信息：定位方式->xpath,value值->//*[@id="id_password"]
2020-06-07 19:28:47,910 - root - INFO - 正在定位元素信息：定位方式->xpath,value值->//*[@id="panel-login"]/div[2]/button
2020-06-07 19:29:38,701 - root - INFO - 正在定位元素信息：定位方式->xpath,value值->//*[@id="id_username"]
2020-06-07 19:29:39,038 - root - INFO - 正在定位元素信息：定位方式->xpath,value值->//*[@id="id_password"]
2020-06-07 19:29:39,597 - root - INFO - 正在定位元素信息：定位方式->xpath,value值->//*[@id="panel-login"]/div[2]/button
2020-06-07 19:29:41,455 - root - INFO - 正在定位元素信息：定位方式->xpath,value值->//*[@id="top-nav"]/div[1]/a
2020-06-07 19:30:43,584 - root - INFO - 正在定位元素信息：定位方式->xpath,value值->//*[@id="id_username"]
2020-06-07 19:30:44,184 - root - INFO - 正在定位元素信息：定位方式->xpath,value值->//*[@id="id_password"]
2020-06-07 19:30:44,494 - root - INFO - 正在定位元素信息：定位方式->xpath,value值->//*[@id="panel-login"]/div[2]/button
2020-06-07 19:30:45,365 - root - INFO - 正在定位元素信息：定位方式->xpath,value值->//*[@id="top-nav"]/div[1]/a
2020-06-07 19:30:45,505 - root - INFO - 获取到元素的文本内容：后台页面
2020-06-07 19:33:10,429 - root - INFO - 正在定位元素信息：定位方式->xpath,value值->//*[@id="id_username"]
2020-06-07 19:33:10,720 - root - INFO - 正在定位元素信息：定位方式->xpath,value值->//*[@id="id_password"]
2020-06-07 19:33:10,979 - root - INFO - 正在定位元素信息：定位方式->xpath,value值->//*[@id="panel-login"]/div[2]/button
2020-06-07 19:33:11,900 - root - INFO - 正在定位元素信息：定位方式->xpath,value值->//*[@id="top-nav"]/div[1]/a
2020-06-07 19:33:12,004 - root - INFO - 获取到元素的文本内容：后台页面
2020-06-07 19:35:45,367 - root - INFO - 正在定位元素信息：定位方式->xpath,value值->//*[@id="id_username"]
2020-06-07 19:35:45,757 - root - INFO - 正在定位元素信息：定位方式->xpath,value值->//*[@id="id_password"]
2020-06-07 19:35:45,973 - root - INFO - 正在定位元素信息：定位方式->xpath,value值->//*[@id="panel-login"]/div[2]/button
2020-06-07 19:35:47,151 - root - INFO - 正在定位元素信息：定位方式->xpath,value值->//*[@id="top-nav"]/div[1]/a
2020-06-07 19:35:47,291 - root - INFO - 获取到元素的文本内容：后台页面
2020-06-07 19:36:37,754 - root - INFO - 正在定位元素信息：定位方式->xpath,value值->//*[@id="id_username"]
2020-06-07 19:36:38,196 - root - INFO - 正在定位元素信息：定位方式->xpath,value值->//*[@id="id_password"]
2020-06-07 19:36:38,529 - root - INFO - 正在定位元素信息：定位方式->xpath,value值->//*[@id="panel-login"]/div[2]/button
2020-06-07 19:36:39,440 - root - INFO - 正在定位元素信息：定位方式->xpath,value值->//*[@id="top-nav"]/div[1]/a
2020-06-07 19:36:39,557 - root - INFO - 获取到元素的文本内容：后台页面
2020-06-07 19:36:39,560 - root - INFO - 登录结果：True
2020-06-07 21:51:24,777 - root - INFO - 正在定位元素信息：定位方式->xpath,value值->//*[@id="id_username"]
2020-06-07 21:51:25,070 - root - INFO - 正在定位元素信息：定位方式->xpath,value值->//*[@id="id_password"]
2020-06-07 21:51:25,361 - root - INFO - 正在定位元素信息：定位方式->xpath,value值->//*[@id="panel-login"]/div[2]/button
2020-06-07 21:51:29,042 - root - INFO - 正在定位元素信息：定位方式->xpath,value值->//*[@id="top-nav"]/div[1]/a
2020-06-07 21:51:29,151 - root - INFO - 获取到元素的文本内容：后台页面
2020-06-07 21:51:29,153 - root - INFO - 登录结果：True
